sent joke What do you do to dead chemists? You barium. to 9897980489 - 13:37:52
sent joke I thought I had a brain tumor but then I realized it was all in my head. to 9897980489 - 13:39:52
sent joke So today is Earth day on what grounds are we celebrating? to 9897980489 - 13:44:05
sent joke test to 9897980489 - 13:44:24
sent joke custom to 9897980489 - 13:45:44
sent joke Did you know yesterday was National Middle Child Day? Don't worry, no one else remembered either. to 9897980489 - 21:14:12
sent joke Did you hear about the neutron who was arrested? He was held without charge. to 9897980489 - 21:14:20
sent joke If I ever fire someone who is a Taylor Swift fan I'll say "I knew you were trouble when you clocked in." to +19897980489 - 21:14:31
sent joke A funny bird is the pelican His beak can hold more than his belly can He can hold in his beak Enough for a week And I don't know how the heck he can! to 9897980489 - 21:15:06
sent joke My buddy went to a foreign country to get his sex change operation. Now he's a dude who's abroad. to 9897980489 - 21:16:40
sent joke Did you know that 1 in every doll, in every doll, in every doll, in every doll are Russian? to 9897980489 - 21:17:26
sent joke What's a... pederast? Shut the fuck up, Donny to 9897980489 - 21:17:46
sent joke Why is it good for a mason to live in constant fear? That way he just shits bricks. to 9897980489 - 21:18:00
sent joke What did one ocean say to the other? Nothing, they just waved. to 9897980489 - 21:18:13
sent joke How can you tell birds are afraid of heights? Because everytime they look down they shit themselves. to 9897980489 - 21:18:26
sent joke Why are there only two hundred and thirty nine beans in a bowl of bean soup? Because just one more and it would be two-farty to +19897980489 - 21:31:15
sent joke Two wrongs don't make a right... but three lefts make a right. And two Wrights make a plane 6 lefts make a plane. to +19897980489 - 21:32:11
sent joke What do you call a cow jumping over a barbed wire fence? Utter destruction! !!!! to 9897980489 - 21:35:44
sent joke I saw a middle aged man staring at a picture of his very first steps. With tears in his eyes, he told me he regrets ever replacing the steps with an elevator. to 9897980489 - 21:36:21
sent joke Why did Hitler turn to genocide after a failed career as an artist? He never learned to mix the colors to 9897980489 - 21:39:31
sent joke What do you call a Macho Man Randy Savage that does not belong to you? &gt;Nacho Man Randy Savage!!!!! this is my original content!!!! to 19897980489 - 21:47:40
sent joke Why did the strawberry go out with the pineapple? Because he couldn't get a date! to 9897980489 - 21:49:25
sent joke I hear that in Star Wars VIII they're going to introduce Han's perpetually depressed younger brother. His name is Y Solo. to 9897980489 - 21:49:50
sent joke What is Paula Deen's favorite insect? The Butterfly to 9897980489 - 21:50:12
sent joke A long joke jooooooooooooooooooooooooooooooooooooooooooooooooooooooooooooooooooooooooooooooooooooke to oucks12345@gmail.com - 21:53:58
sent joke I bought a vacuum cleaner six months ago... ...and so far, all it's been doing is gathering dust. to loucks12345@gmail.com - 21:55:33
sent joke Why is Dr. Frankenstein never lonely? He's good at making friends. to loucks12345@gmail.com - 21:56:18
sent joke what do you call a fake noodle? An impasta! :D to 9897980489 - 22:00:28
sent joke A broom only likes one brand of comedy. Dustpan. to loucks12345@gmail.com - 22:02:37
sent joke Where do sick boats go? The dock! to 9897980489 - 22:05:48
sent joke [My Joke] Why do galaxies put on boring shows while separated? Because their performance is lack-cluster. to 9897980489 - 22:08:46
